2024-09-16 11:11:39.098 [info] Extension host with pid 2543 started
2024-09-16 11:11:39.098 [error] Error: EEXIST: file already exists, open '/home/ubuntu/.vscode-server/data/User/workspaceStorage/de0cc2b2932dae3abafafaeb58dc3f7e/vscode.lock'
2024-09-16 11:11:39.108 [info] Lock '/home/ubuntu/.vscode-server/data/User/workspaceStorage/de0cc2b2932dae3abafafaeb58dc3f7e/vscode.lock': Could not acquire lock, checking if the file is stale.
2024-09-16 11:11:39.116 [info] Lock '/home/ubuntu/.vscode-server/data/User/workspaceStorage/de0cc2b2932dae3abafafaeb58dc3f7e/vscode.lock': The pid 8568 appears to be gone.
2024-09-16 11:11:39.116 [info] Lock '/home/ubuntu/.vscode-server/data/User/workspaceStorage/de0cc2b2932dae3abafafaeb58dc3f7e/vscode.lock': Deleting a stale lock.
2024-09-16 11:11:39.123 [info] Lock '/home/ubuntu/.vscode-server/data/User/workspaceStorage/de0cc2b2932dae3abafafaeb58dc3f7e/vscode.lock': Lock acquired.
2024-09-16 11:11:39.461 [info] ExtensionService#_doActivateExtension vscode.emmet, startup: false, activationEvent: 'onLanguage'
2024-09-16 11:11:39.462 [info] ExtensionService#_doActivateExtension vscode.git-base, startup: false, activationEvent: '*', root cause: vscode.git
2024-09-16 11:11:39.846 [info] ExtensionService#_doActivateExtension vscode.git, startup: false, activationEvent: '*'
2024-09-16 11:11:39.846 [info] ExtensionService#_doActivateExtension vscode.github, startup: false, activationEvent: '*'
2024-09-16 11:11:40.267 [info] Eager extensions activated
2024-09-16 11:11:40.267 [info] ExtensionService#_doActivateExtension vscode.debug-auto-launch, startup: false, activationEvent: 'onStartupFinished'
2024-09-16 11:11:40.268 [info] ExtensionService#_doActivateExtension vscode.merge-conflict, startup: false, activationEvent: 'onStartupFinished'
2024-09-16 11:15:53.237 [info] ExtensionService#_doActivateExtension vscode.npm, startup: false, activationEvent: 'onTerminalQuickFixRequest:ms-vscode.npm-command'
2024-09-16 11:15:59.885 [info] ExtensionService#_doActivateExtension vscode.configuration-editing, startup: false, activationEvent: 'onLanguage:json'
2024-09-16 11:15:59.886 [info] ExtensionService#_doActivateExtension vscode.extension-editing, startup: false, activationEvent: 'onLanguage:json'
2024-09-16 11:15:59.887 [info] ExtensionService#_doActivateExtension vscode.json-language-features, startup: false, activationEvent: 'onLanguage:json'
2024-09-16 11:32:40.607 [info] ExtensionService#_doActivateExtension redhat.vscode-yaml, startup: false, activationEvent: 'onLanguage:yaml'
2024-09-16 11:32:41.506 [warning] [redhat.vscode-yaml] Accessing a resource scoped configuration without providing a resource is not expected. To get the effective value for '[yaml]', provide the URI of a resource or 'null' for any resource.
2024-09-16 11:32:41.509 [warning] [redhat.vscode-yaml] Accessing a resource scoped configuration without providing a resource is not expected. To get the effective value for '[yaml]', provide the URI of a resource or 'null' for any resource.
2024-09-16 12:48:11.670 [warning] [Decorations] CAPPING events from decorations provider vscode.git 1441
2024-09-16 12:48:11.974 [warning] [Decorations] CAPPING events from decorations provider vscode.git 1441
2024-09-16 12:48:12.899 [error] Error: No such branch: master.
	at N.getBranch (/home/ubuntu/.vscode-server/cli/servers/Stable-4849ca9bdf9666755eb463db297b69e5385090e3/server/extensions/git/dist/main.js:2:937115)
	at async T.retryRun (/home/ubuntu/.vscode-server/cli/servers/Stable-4849ca9bdf9666755eb463db297b69e5385090e3/server/extensions/git/dist/main.js:2:1032816)
	at async T.run (/home/ubuntu/.vscode-server/cli/servers/Stable-4849ca9bdf9666755eb463db297b69e5385090e3/server/extensions/git/dist/main.js:2:1032420)
	at async T.getBranch (/home/ubuntu/.vscode-server/cli/servers/Stable-4849ca9bdf9666755eb463db297b69e5385090e3/server/extensions/git/dist/main.js:2:1020563)
	at async T.getBranchBase (/home/ubuntu/.vscode-server/cli/servers/Stable-4849ca9bdf9666755eb463db297b69e5385090e3/server/extensions/git/dist/main.js:2:1020849)
	at async t.GitHistoryProvider.resolveHEADMergeBase (/home/ubuntu/.vscode-server/cli/servers/Stable-4849ca9bdf9666755eb463db297b69e5385090e3/server/extensions/git/dist/main.js:2:948410)
	at async t.GitHistoryProvider.onDidRunGitStatus (/home/ubuntu/.vscode-server/cli/servers/Stable-4849ca9bdf9666755eb463db297b69e5385090e3/server/extensions/git/dist/main.js:2:941737)
2024-09-16 12:48:12.985 [error] Error: No such branch: master.
	at N.getBranch (/home/ubuntu/.vscode-server/cli/servers/Stable-4849ca9bdf9666755eb463db297b69e5385090e3/server/extensions/git/dist/main.js:2:937115)
	at async T.retryRun (/home/ubuntu/.vscode-server/cli/servers/Stable-4849ca9bdf9666755eb463db297b69e5385090e3/server/extensions/git/dist/main.js:2:1032816)
	at async T.run (/home/ubuntu/.vscode-server/cli/servers/Stable-4849ca9bdf9666755eb463db297b69e5385090e3/server/extensions/git/dist/main.js:2:1032420)
	at async T.getBranch (/home/ubuntu/.vscode-server/cli/servers/Stable-4849ca9bdf9666755eb463db297b69e5385090e3/server/extensions/git/dist/main.js:2:1020563)
	at async T.getBranchBase (/home/ubuntu/.vscode-server/cli/servers/Stable-4849ca9bdf9666755eb463db297b69e5385090e3/server/extensions/git/dist/main.js:2:1020849)
	at async t.GitHistoryProvider.resolveHEADMergeBase (/home/ubuntu/.vscode-server/cli/servers/Stable-4849ca9bdf9666755eb463db297b69e5385090e3/server/extensions/git/dist/main.js:2:948410)
	at async t.GitHistoryProvider.onDidRunGitStatus (/home/ubuntu/.vscode-server/cli/servers/Stable-4849ca9bdf9666755eb463db297b69e5385090e3/server/extensions/git/dist/main.js:2:941737)
2024-09-16 12:48:13.627 [warning] [Decorations] CAPPING events from decorations provider vscode.git 1441
2024-09-16 12:48:14.634 [error] Error: No such branch: master.
	at N.getBranch (/home/ubuntu/.vscode-server/cli/servers/Stable-4849ca9bdf9666755eb463db297b69e5385090e3/server/extensions/git/dist/main.js:2:937115)
	at async T.retryRun (/home/ubuntu/.vscode-server/cli/servers/Stable-4849ca9bdf9666755eb463db297b69e5385090e3/server/extensions/git/dist/main.js:2:1032816)
	at async T.run (/home/ubuntu/.vscode-server/cli/servers/Stable-4849ca9bdf9666755eb463db297b69e5385090e3/server/extensions/git/dist/main.js:2:1032420)
	at async T.getBranch (/home/ubuntu/.vscode-server/cli/servers/Stable-4849ca9bdf9666755eb463db297b69e5385090e3/server/extensions/git/dist/main.js:2:1020563)
	at async T.getBranchBase (/home/ubuntu/.vscode-server/cli/servers/Stable-4849ca9bdf9666755eb463db297b69e5385090e3/server/extensions/git/dist/main.js:2:1020849)
	at async t.GitHistoryProvider.resolveHEADMergeBase (/home/ubuntu/.vscode-server/cli/servers/Stable-4849ca9bdf9666755eb463db297b69e5385090e3/server/extensions/git/dist/main.js:2:948410)
	at async t.GitHistoryProvider.onDidRunGitStatus (/home/ubuntu/.vscode-server/cli/servers/Stable-4849ca9bdf9666755eb463db297b69e5385090e3/server/extensions/git/dist/main.js:2:941737)
2024-09-16 12:48:19.389 [warning] [Decorations] CAPPING events from decorations provider vscode.git 1441
2024-09-16 12:48:20.393 [error] Error: No such branch: master.
	at N.getBranch (/home/ubuntu/.vscode-server/cli/servers/Stable-4849ca9bdf9666755eb463db297b69e5385090e3/server/extensions/git/dist/main.js:2:937115)
	at async T.retryRun (/home/ubuntu/.vscode-server/cli/servers/Stable-4849ca9bdf9666755eb463db297b69e5385090e3/server/extensions/git/dist/main.js:2:1032816)
	at async T.run (/home/ubuntu/.vscode-server/cli/servers/Stable-4849ca9bdf9666755eb463db297b69e5385090e3/server/extensions/git/dist/main.js:2:1032420)
	at async T.getBranch (/home/ubuntu/.vscode-server/cli/servers/Stable-4849ca9bdf9666755eb463db297b69e5385090e3/server/extensions/git/dist/main.js:2:1020563)
	at async T.getBranchBase (/home/ubuntu/.vscode-server/cli/servers/Stable-4849ca9bdf9666755eb463db297b69e5385090e3/server/extensions/git/dist/main.js:2:1020849)
	at async t.GitHistoryProvider.resolveHEADMergeBase (/home/ubuntu/.vscode-server/cli/servers/Stable-4849ca9bdf9666755eb463db297b69e5385090e3/server/extensions/git/dist/main.js:2:948410)
	at async t.GitHistoryProvider.onDidRunGitStatus (/home/ubuntu/.vscode-server/cli/servers/Stable-4849ca9bdf9666755eb463db297b69e5385090e3/server/extensions/git/dist/main.js:2:941737)
2024-09-16 12:48:24.430 [warning] [Decorations] CAPPING events from decorations provider vscode.git 1441
2024-09-16 12:48:25.435 [error] Error: No such branch: master.
	at N.getBranch (/home/ubuntu/.vscode-server/cli/servers/Stable-4849ca9bdf9666755eb463db297b69e5385090e3/server/extensions/git/dist/main.js:2:937115)
	at async T.retryRun (/home/ubuntu/.vscode-server/cli/servers/Stable-4849ca9bdf9666755eb463db297b69e5385090e3/server/extensions/git/dist/main.js:2:1032816)
	at async T.run (/home/ubuntu/.vscode-server/cli/servers/Stable-4849ca9bdf9666755eb463db297b69e5385090e3/server/extensions/git/dist/main.js:2:1032420)
	at async T.getBranch (/home/ubuntu/.vscode-server/cli/servers/Stable-4849ca9bdf9666755eb463db297b69e5385090e3/server/extensions/git/dist/main.js:2:1020563)
	at async T.getBranchBase (/home/ubuntu/.vscode-server/cli/servers/Stable-4849ca9bdf9666755eb463db297b69e5385090e3/server/extensions/git/dist/main.js:2:1020849)
	at async t.GitHistoryProvider.resolveHEADMergeBase (/home/ubuntu/.vscode-server/cli/servers/Stable-4849ca9bdf9666755eb463db297b69e5385090e3/server/extensions/git/dist/main.js:2:948410)
	at async t.GitHistoryProvider.onDidRunGitStatus (/home/ubuntu/.vscode-server/cli/servers/Stable-4849ca9bdf9666755eb463db297b69e5385090e3/server/extensions/git/dist/main.js:2:941737)
2024-09-16 12:48:31.389 [warning] [Decorations] CAPPING events from decorations provider vscode.git 1441
2024-09-16 12:48:32.393 [error] Error: No such branch: master.
	at N.getBranch (/home/ubuntu/.vscode-server/cli/servers/Stable-4849ca9bdf9666755eb463db297b69e5385090e3/server/extensions/git/dist/main.js:2:937115)
	at async T.retryRun (/home/ubuntu/.vscode-server/cli/servers/Stable-4849ca9bdf9666755eb463db297b69e5385090e3/server/extensions/git/dist/main.js:2:1032816)
	at async T.run (/home/ubuntu/.vscode-server/cli/servers/Stable-4849ca9bdf9666755eb463db297b69e5385090e3/server/extensions/git/dist/main.js:2:1032420)
	at async T.getBranch (/home/ubuntu/.vscode-server/cli/servers/Stable-4849ca9bdf9666755eb463db297b69e5385090e3/server/extensions/git/dist/main.js:2:1020563)
	at async T.getBranchBase (/home/ubuntu/.vscode-server/cli/servers/Stable-4849ca9bdf9666755eb463db297b69e5385090e3/server/extensions/git/dist/main.js:2:1020849)
	at async t.GitHistoryProvider.resolveHEADMergeBase (/home/ubuntu/.vscode-server/cli/servers/Stable-4849ca9bdf9666755eb463db297b69e5385090e3/server/extensions/git/dist/main.js:2:948410)
	at async t.GitHistoryProvider.onDidRunGitStatus (/home/ubuntu/.vscode-server/cli/servers/Stable-4849ca9bdf9666755eb463db297b69e5385090e3/server/extensions/git/dist/main.js:2:941737)
2024-09-16 12:48:36.427 [warning] [Decorations] CAPPING events from decorations provider vscode.git 1441
2024-09-16 12:48:37.431 [error] Error: No such branch: master.
	at N.getBranch (/home/ubuntu/.vscode-server/cli/servers/Stable-4849ca9bdf9666755eb463db297b69e5385090e3/server/extensions/git/dist/main.js:2:937115)
	at async T.retryRun (/home/ubuntu/.vscode-server/cli/servers/Stable-4849ca9bdf9666755eb463db297b69e5385090e3/server/extensions/git/dist/main.js:2:1032816)
	at async T.run (/home/ubuntu/.vscode-server/cli/servers/Stable-4849ca9bdf9666755eb463db297b69e5385090e3/server/extensions/git/dist/main.js:2:1032420)
	at async T.getBranch (/home/ubuntu/.vscode-server/cli/servers/Stable-4849ca9bdf9666755eb463db297b69e5385090e3/server/extensions/git/dist/main.js:2:1020563)
	at async T.getBranchBase (/home/ubuntu/.vscode-server/cli/servers/Stable-4849ca9bdf9666755eb463db297b69e5385090e3/server/extensions/git/dist/main.js:2:1020849)
	at async t.GitHistoryProvider.resolveHEADMergeBase (/home/ubuntu/.vscode-server/cli/servers/Stable-4849ca9bdf9666755eb463db297b69e5385090e3/server/extensions/git/dist/main.js:2:948410)
	at async t.GitHistoryProvider.onDidRunGitStatus (/home/ubuntu/.vscode-server/cli/servers/Stable-4849ca9bdf9666755eb463db297b69e5385090e3/server/extensions/git/dist/main.js:2:941737)
2024-09-16 12:48:41.465 [warning] [Decorations] CAPPING events from decorations provider vscode.git 1441
2024-09-16 12:48:42.469 [error] Error: No such branch: master.
	at N.getBranch (/home/ubuntu/.vscode-server/cli/servers/Stable-4849ca9bdf9666755eb463db297b69e5385090e3/server/extensions/git/dist/main.js:2:937115)
	at async T.retryRun (/home/ubuntu/.vscode-server/cli/servers/Stable-4849ca9bdf9666755eb463db297b69e5385090e3/server/extensions/git/dist/main.js:2:1032816)
	at async T.run (/home/ubuntu/.vscode-server/cli/servers/Stable-4849ca9bdf9666755eb463db297b69e5385090e3/server/extensions/git/dist/main.js:2:1032420)
	at async T.getBranch (/home/ubuntu/.vscode-server/cli/servers/Stable-4849ca9bdf9666755eb463db297b69e5385090e3/server/extensions/git/dist/main.js:2:1020563)
	at async T.getBranchBase (/home/ubuntu/.vscode-server/cli/servers/Stable-4849ca9bdf9666755eb463db297b69e5385090e3/server/extensions/git/dist/main.js:2:1020849)
	at async t.GitHistoryProvider.resolveHEADMergeBase (/home/ubuntu/.vscode-server/cli/servers/Stable-4849ca9bdf9666755eb463db297b69e5385090e3/server/extensions/git/dist/main.js:2:948410)
	at async t.GitHistoryProvider.onDidRunGitStatus (/home/ubuntu/.vscode-server/cli/servers/Stable-4849ca9bdf9666755eb463db297b69e5385090e3/server/extensions/git/dist/main.js:2:941737)
